{"C:\\Users\\Korisnik\\Desktop\\Hotel-Manager\\backend\\models\\Booking.js": {"path":"C:\\Users\\Korisnik\\Desktop\\Hotel-Manager\\backend\\models\\Booking.js","statementMap":{"0":{"start":{"line":1,"column":17},"end":{"line":1,"column":36}},"1":{"start":{"line":3,"column":22},"end":{"line":14,"column":24}},"2":{"start":{"line":16,"column":0},"end":{"line":16,"column":58}}},"fnMap":{},"branchMap":{},"s":{"0":1,"1":1,"2":1},"f":{},"b":{},"_coverageSchema":"1a1c01bbd47fc00a2c39e90264f33305004495a9","hash":"b5b68afca47f2baaacc130f4ba35c59d91fa3281"}
,"C:\\Users\\Korisnik\\Desktop\\Hotel-Manager\\backend\\models\\Request.js": {"path":"C:\\Users\\Korisnik\\Desktop\\Hotel-Manager\\backend\\models\\Request.js","statementMap":{"0":{"start":{"line":1,"column":17},"end":{"line":1,"column":36}},"1":{"start":{"line":3,"column":22},"end":{"line":7,"column":24}},"2":{"start":{"line":9,"column":0},"end":{"line":9,"column":58}}},"fnMap":{},"branchMap":{},"s":{"0":1,"1":1,"2":1},"f":{},"b":{},"_coverageSchema":"1a1c01bbd47fc00a2c39e90264f33305004495a9","hash":"6396e921566dad2bda2608a4e9d98b5f24e12e23"}
,"C:\\Users\\Korisnik\\Desktop\\Hotel-Manager\\backend\\models\\Room.js": {"path":"C:\\Users\\Korisnik\\Desktop\\Hotel-Manager\\backend\\models\\Room.js","statementMap":{"0":{"start":{"line":1,"column":17},"end":{"line":1,"column":36}},"1":{"start":{"line":3,"column":19},"end":{"line":6,"column":24}},"2":{"start":{"line":8,"column":0},"end":{"line":8,"column":52}}},"fnMap":{},"branchMap":{},"s":{"0":1,"1":1,"2":1},"f":{},"b":{},"_coverageSchema":"1a1c01bbd47fc00a2c39e90264f33305004495a9","hash":"d58c2209f066affde52a017159bcc3f393145811"}
,"C:\\Users\\Korisnik\\Desktop\\Hotel-Manager\\backend\\models\\Task.js": {"path":"C:\\Users\\Korisnik\\Desktop\\Hotel-Manager\\backend\\models\\Task.js","statementMap":{"0":{"start":{"line":1,"column":17},"end":{"line":1,"column":36}},"1":{"start":{"line":3,"column":19},"end":{"line":7,"column":24}},"2":{"start":{"line":9,"column":0},"end":{"line":9,"column":52}}},"fnMap":{},"branchMap":{},"s":{"0":1,"1":1,"2":1},"f":{},"b":{},"_coverageSchema":"1a1c01bbd47fc00a2c39e90264f33305004495a9","hash":"a7335e745e0ed4563c4d7a2c545f3b7a7b8b1db7"}
,"C:\\Users\\Korisnik\\Desktop\\Hotel-Manager\\backend\\models\\user.js": {"path":"C:\\Users\\Korisnik\\Desktop\\Hotel-Manager\\backend\\models\\user.js","statementMap":{"0":{"start":{"line":1,"column":17},"end":{"line":1,"column":36}},"1":{"start":{"line":3,"column":19},"end":{"line":18,"column":2}},"2":{"start":{"line":20,"column":0},"end":{"line":20,"column":52}}},"fnMap":{},"branchMap":{},"s":{"0":1,"1":1,"2":1},"f":{},"b":{},"_coverageSchema":"1a1c01bbd47fc00a2c39e90264f33305004495a9","hash":"c526a060884aa57996f91e7afdc58dc9426744a4"}
,"C:\\Users\\Korisnik\\Desktop\\Hotel-Manager\\backend\\routes\\auth.js": {"path":"C:\\Users\\Korisnik\\Desktop\\Hotel-Manager\\backend\\routes\\auth.js","statementMap":{"0":{"start":{"line":1,"column":16},"end":{"line":1,"column":34}},"1":{"start":{"line":2,"column":15},"end":{"line":2,"column":31}},"2":{"start":{"line":3,"column":20},"end":{"line":3,"column":54}},"3":{"start":{"line":5,"column":0},"end":{"line":21,"column":3}},"4":{"start":{"line":6,"column":33},"end":{"line":6,"column":41}},"5":{"start":{"line":8,"column":2},"end":{"line":10,"column":3}},"6":{"start":{"line":9,"column":4},"end":{"line":9,"column":77}},"7":{"start":{"line":12,"column":2},"end":{"line":20,"column":3}},"8":{"start":{"line":13,"column":20},"end":{"line":13,"column":68}},"9":{"start":{"line":14,"column":4},"end":{"line":16,"column":5}},"10":{"start":{"line":15,"column":6},"end":{"line":15,"column":43}},"11":{"start":{"line":17,"column":4},"end":{"line":17,"column":29}},"12":{"start":{"line":19,"column":4},"end":{"line":19,"column":72}},"13":{"start":{"line":23,"column":0},"end":{"line":30,"column":3}},"14":{"start":{"line":24,"column":2},"end":{"line":29,"column":3}},"15":{"start":{"line":25,"column":20},"end":{"line":25,"column":49}},"16":{"start":{"line":26,"column":4},"end":{"line":26,"column":29}},"17":{"start":{"line":28,"column":4},"end":{"line":28,"column":72}},"18":{"start":{"line":32,"column":0},"end":{"line":47,"column":3}},"19":{"start":{"line":33,"column":2},"end":{"line":41,"column":3}},"20":{"start":{"line":34,"column":4},"end":{"line":40,"column":7}},"21":{"start":{"line":43,"column":2},"end":{"line":46,"column":5}},"22":{"start":{"line":49,"column":0},"end":{"line":49,"column":24}}},"fnMap":{"0":{"name":"(anonymous_0)","decl":{"start":{"line":5,"column":22},"end":{"line":5,"column":23}},"loc":{"start":{"line":5,"column":42},"end":{"line":21,"column":1}},"line":5},"1":{"name":"(anonymous_1)","decl":{"start":{"line":23,"column":23},"end":{"line":23,"column":24}},"loc":{"start":{"line":23,"column":43},"end":{"line":30,"column":1}},"line":23},"2":{"name":"(anonymous_2)","decl":{"start":{"line":32,"column":18},"end":{"line":32,"column":19}},"loc":{"start":{"line":32,"column":32},"end":{"line":47,"column":1}},"line":32}},"branchMap":{"0":{"loc":{"start":{"line":8,"column":2},"end":{"line":10,"column":3}},"type":"if","locations":[{"start":{"line":8,"column":2},"end":{"line":10,"column":3}},{"start":{},"end":{}}],"line":8},"1":{"loc":{"start":{"line":8,"column":6},"end":{"line":8,"column":28}},"type":"binary-expr","locations":[{"start":{"line":8,"column":6},"end":{"line":8,"column":15}},{"start":{"line":8,"column":19},"end":{"line":8,"column":28}}],"line":8},"2":{"loc":{"start":{"line":14,"column":4},"end":{"line":16,"column":5}},"type":"if","locations":[{"start":{"line":14,"column":4},"end":{"line":16,"column":5}},{"start":{},"end":{}}],"line":14},"3":{"loc":{"start":{"line":33,"column":2},"end":{"line":41,"column":3}},"type":"if","locations":[{"start":{"line":33,"column":2},"end":{"line":41,"column":3}},{"start":{},"end":{}}],"line":33},"4":{"loc":{"start":{"line":33,"column":6},"end":{"line":33,"column":39}},"type":"binary-expr","locations":[{"start":{"line":33,"column":6},"end":{"line":33,"column":17}},{"start":{"line":33,"column":21},"end":{"line":33,"column":39}}],"line":33}},"s":{"0":1,"1":1,"2":1,"3":1,"4":3,"5":3,"6":2,"7":1,"8":1,"9":1,"10":1,"11":0,"12":0,"13":1,"14":1,"15":1,"16":1,"17":0,"18":1,"19":1,"20":0,"21":1,"22":1},"f":{"0":3,"1":1,"2":1},"b":{"0":[2,1],"1":[3,2],"2":[1,0],"3":[0,1],"4":[1,1]},"_coverageSchema":"1a1c01bbd47fc00a2c39e90264f33305004495a9","hash":"3e877eebc9bf5a8ec8ba4ee86633a92dcf41caaf"}
,"C:\\Users\\Korisnik\\Desktop\\Hotel-Manager\\backend\\routes\\bookings.js": {"path":"C:\\Users\\Korisnik\\Desktop\\Hotel-Manager\\backend\\routes\\bookings.js","statementMap":{"0":{"start":{"line":1,"column":16},"end":{"line":1,"column":34}},"1":{"start":{"line":2,"column":15},"end":{"line":2,"column":31}},"2":{"start":{"line":3,"column":16},"end":{"line":3,"column":44}},"3":{"start":{"line":4,"column":13},"end":{"line":4,"column":38}},"4":{"start":{"line":6,"column":23},"end":{"line":6,"column":65}},"5":{"start":{"line":8,"column":11},"end":{"line":8,"column":78}},"6":{"start":{"line":8,"column":36},"end":{"line":8,"column":77}},"7":{"start":{"line":9,"column":13},"end":{"line":9,"column":83}},"8":{"start":{"line":9,"column":39},"end":{"line":9,"column":82}},"9":{"start":{"line":10,"column":13},"end":{"line":10,"column":69}},"10":{"start":{"line":10,"column":40},"end":{"line":10,"column":69}},"11":{"start":{"line":11,"column":13},"end":{"line":14,"column":1}},"12":{"start":{"line":12,"column":13},"end":{"line":12,"column":30}},"13":{"start":{"line":13,"column":2},"end":{"line":13,"column":31}},"14":{"start":{"line":13,"column":10},"end":{"line":13,"column":31}},"15":{"start":{"line":17,"column":2},"end":{"line":40,"column":3}},"16":{"start":{"line":18,"column":25},"end":{"line":18,"column":35}},"17":{"start":{"line":19,"column":4},"end":{"line":19,"column":38}},"18":{"start":{"line":20,"column":27},"end":{"line":20,"column":80}},"19":{"start":{"line":21,"column":20},"end":{"line":21,"column":83}},"20":{"start":{"line":21,"column":47},"end":{"line":21,"column":82}},"21":{"start":{"line":22,"column":4},"end":{"line":22,"column":37}},"22":{"start":{"line":22,"column":30},"end":{"line":22,"column":37}},"23":{"start":{"line":23,"column":23},"end":{"line":23,"column":46}},"24":{"start":{"line":23,"column":40},"end":{"line":23,"column":45}},"25":{"start":{"line":24,"column":28},"end":{"line":24,"column":68}},"26":{"start":{"line":24,"column":57},"end":{"line":24,"column":65}},"27":{"start":{"line":25,"column":4},"end":{"line":28,"column":6}},"28":{"start":{"line":29,"column":4},"end":{"line":32,"column":6}},"29":{"start":{"line":33,"column":4},"end":{"line":36,"column":5}},"30":{"start":{"line":34,"column":6},"end":{"line":34,"column":34}},"31":{"start":{"line":35,"column":6},"end":{"line":35,"column":31}},"32":{"start":{"line":37,"column":4},"end":{"line":37,"column":73}},"33":{"start":{"line":39,"column":4},"end":{"line":39,"column":62}},"34":{"start":{"line":43,"column":0},"end":{"line":49,"column":3}},"35":{"start":{"line":44,"column":2},"end":{"line":48,"column":49}},"36":{"start":{"line":45,"column":4},"end":{"line":45,"column":49}},"37":{"start":{"line":46,"column":21},"end":{"line":46,"column":62}},"38":{"start":{"line":47,"column":4},"end":{"line":47,"column":28}},"39":{"start":{"line":48,"column":18},"end":{"line":48,"column":47}},"40":{"start":{"line":51,"column":0},"end":{"line":93,"column":3}},"41":{"start":{"line":52,"column":2},"end":{"line":92,"column":54}},"42":{"start":{"line":53,"column":70},"end":{"line":53,"column":84}},"43":{"start":{"line":55,"column":4},"end":{"line":57,"column":5}},"44":{"start":{"line":56,"column":6},"end":{"line":56,"column":99}},"45":{"start":{"line":59,"column":19},"end":{"line":59,"column":49}},"46":{"start":{"line":60,"column":4},"end":{"line":62,"column":5}},"47":{"start":{"line":61,"column":6},"end":{"line":61,"column":98}},"48":{"start":{"line":64,"column":4},"end":{"line":66,"column":5}},"49":{"start":{"line":65,"column":6},"end":{"line":65,"column":68}},"50":{"start":{"line":68,"column":20},"end":{"line":73,"column":6}},"51":{"start":{"line":75,"column":4},"end":{"line":80,"column":5}},"52":{"start":{"line":76,"column":6},"end":{"line":79,"column":9}},"53":{"start":{"line":82,"column":23},"end":{"line":88,"column":6}},"54":{"start":{"line":89,"column":18},"end":{"line":89,"column":41}},"55":{"start":{"line":90,"column":4},"end":{"line":90,"column":34}},"56":{"start":{"line":91,"column":4},"end":{"line":91,"column":30}},"57":{"start":{"line":92,"column":18},"end":{"line":92,"column":52}},"58":{"start":{"line":95,"column":0},"end":{"line":102,"column":3}},"59":{"start":{"line":96,"column":2},"end":{"line":101,"column":49}},"60":{"start":{"line":97,"column":20},"end":{"line":97,"column":66}},"61":{"start":{"line":98,"column":4},"end":{"line":98,"column":67}},"62":{"start":{"line":98,"column":18},"end":{"line":98,"column":67}},"63":{"start":{"line":99,"column":4},"end":{"line":99,"column":34}},"64":{"start":{"line":100,"column":4},"end":{"line":100,"column":57}},"65":{"start":{"line":101,"column":18},"end":{"line":101,"column":47}},"66":{"start":{"line":104,"column":0},"end":{"line":104,"column":24}}},"fnMap":{"0":{"name":"(anonymous_0)","decl":{"start":{"line":8,"column":11},"end":{"line":8,"column":12}},"loc":{"start":{"line":8,"column":36},"end":{"line":8,"column":77}},"line":8},"1":{"name":"(anonymous_1)","decl":{"start":{"line":9,"column":13},"end":{"line":9,"column":14}},"loc":{"start":{"line":9,"column":39},"end":{"line":9,"column":82}},"line":9},"2":{"name":"(anonymous_2)","decl":{"start":{"line":10,"column":13},"end":{"line":10,"column":14}},"loc":{"start":{"line":10,"column":40},"end":{"line":10,"column":69}},"line":10},"3":{"name":"(anonymous_3)","decl":{"start":{"line":11,"column":13},"end":{"line":11,"column":14}},"loc":{"start":{"line":11,"column":35},"end":{"line":14,"column":1}},"line":11},"4":{"name":"autoCheckoutOverdue","decl":{"start":{"line":16,"column":15},"end":{"line":16,"column":34}},"loc":{"start":{"line":16,"column":39},"end":{"line":41,"column":1}},"line":16},"5":{"name":"(anonymous_5)","decl":{"start":{"line":21,"column":42},"end":{"line":21,"column":43}},"loc":{"start":{"line":21,"column":47},"end":{"line":21,"column":82}},"line":21},"6":{"name":"(anonymous_6)","decl":{"start":{"line":23,"column":35},"end":{"line":23,"column":36}},"loc":{"start":{"line":23,"column":40},"end":{"line":23,"column":45}},"line":23},"7":{"name":"(anonymous_7)","decl":{"start":{"line":24,"column":52},"end":{"line":24,"column":53}},"loc":{"start":{"line":24,"column":57},"end":{"line":24,"column":65}},"line":24},"8":{"name":"(anonymous_8)","decl":{"start":{"line":43,"column":16},"end":{"line":43,"column":17}},"loc":{"start":{"line":43,"column":36},"end":{"line":49,"column":1}},"line":43},"9":{"name":"(anonymous_9)","decl":{"start":{"line":51,"column":17},"end":{"line":51,"column":18}},"loc":{"start":{"line":51,"column":37},"end":{"line":93,"column":1}},"line":51},"10":{"name":"(anonymous_10)","decl":{"start":{"line":95,"column":22},"end":{"line":95,"column":23}},"loc":{"start":{"line":95,"column":42},"end":{"line":102,"column":1}},"line":95}},"branchMap":{"0":{"loc":{"start":{"line":8,"column":18},"end":{"line":8,"column":30}},"type":"default-arg","locations":[{"start":{"line":8,"column":27},"end":{"line":8,"column":30}}],"line":8},"1":{"loc":{"start":{"line":9,"column":21},"end":{"line":9,"column":33}},"type":"default-arg","locations":[{"start":{"line":9,"column":30},"end":{"line":9,"column":33}}],"line":9},"2":{"loc":{"start":{"line":13,"column":2},"end":{"line":13,"column":31}},"type":"if","locations":[{"start":{"line":13,"column":2},"end":{"line":13,"column":31}},{"start":{},"end":{}}],"line":13},"3":{"loc":{"start":{"line":22,"column":4},"end":{"line":22,"column":37}},"type":"if","locations":[{"start":{"line":22,"column":4},"end":{"line":22,"column":37}},{"start":{},"end":{}}],"line":22},"4":{"loc":{"start":{"line":33,"column":4},"end":{"line":36,"column":5}},"type":"if","locations":[{"start":{"line":33,"column":4},"end":{"line":36,"column":5}},{"start":{},"end":{}}],"line":33},"5":{"loc":{"start":{"line":53,"column":70},"end":{"line":53,"column":84}},"type":"binary-expr","locations":[{"start":{"line":53,"column":70},"end":{"line":53,"column":78}},{"start":{"line":53,"column":82},"end":{"line":53,"column":84}}],"line":53},"6":{"loc":{"start":{"line":55,"column":4},"end":{"line":57,"column":5}},"type":"if","locations":[{"start":{"line":55,"column":4},"end":{"line":57,"column":5}},{"start":{},"end":{}}],"line":55},"7":{"loc":{"start":{"line":55,"column":8},"end":{"line":55,"column":86}},"type":"binary-expr","locations":[{"start":{"line":55,"column":8},"end":{"line":55,"column":18}},{"start":{"line":55,"column":22},"end":{"line":55,"column":42}},{"start":{"line":55,"column":46},"end":{"line":55,"column":61}},{"start":{"line":55,"column":65},"end":{"line":55,"column":73}},{"start":{"line":55,"column":77},"end":{"line":55,"column":86}}],"line":55},"8":{"loc":{"start":{"line":59,"column":19},"end":{"line":59,"column":49}},"type":"binary-expr","locations":[{"start":{"line":59,"column":19},"end":{"line":59,"column":34}},{"start":{"line":59,"column":38},"end":{"line":59,"column":49}}],"line":59},"9":{"loc":{"start":{"line":60,"column":4},"end":{"line":62,"column":5}},"type":"if","locations":[{"start":{"line":60,"column":4},"end":{"line":62,"column":5}},{"start":{},"end":{}}],"line":60},"10":{"loc":{"start":{"line":64,"column":4},"end":{"line":66,"column":5}},"type":"if","locations":[{"start":{"line":64,"column":4},"end":{"line":66,"column":5}},{"start":{},"end":{}}],"line":64},"11":{"loc":{"start":{"line":75,"column":4},"end":{"line":80,"column":5}},"type":"if","locations":[{"start":{"line":75,"column":4},"end":{"line":80,"column":5}},{"start":{},"end":{}}],"line":75},"12":{"loc":{"start":{"line":98,"column":4},"end":{"line":98,"column":67}},"type":"if","locations":[{"start":{"line":98,"column":4},"end":{"line":98,"column":67}},{"start":{},"end":{}}],"line":98}},"s":{"0":1,"1":1,"2":1,"3":1,"4":1,"5":1,"6":6,"7":1,"8":6,"9":1,"10":12,"11":1,"12":4,"13":4,"14":4,"15":2,"16":2,"17":2,"18":2,"19":2,"20":1,"21":2,"22":1,"23":1,"24":1,"25":1,"26":1,"27":1,"28":1,"29":1,"30":1,"31":1,"32":1,"33":0,"34":1,"35":2,"36":2,"37":2,"38":2,"39":0,"40":1,"41":8,"42":8,"43":8,"44":1,"45":7,"46":7,"47":1,"48":6,"49":2,"50":4,"51":4,"52":1,"53":3,"54":3,"55":3,"56":3,"57":0,"58":1,"59":2,"60":2,"61":2,"62":1,"63":1,"64":1,"65":0,"66":1},"f":{"0":6,"1":6,"2":12,"3":4,"4":2,"5":1,"6":1,"7":1,"8":2,"9":8,"10":2},"b":{"0":[3],"1":[0],"2":[4,0],"3":[1,1],"4":[1,0],"5":[8,0],"6":[1,7],"7":[8,8,7,7,7],"8":[7,6],"9":[1,6],"10":[2,4],"11":[1,3],"12":[1,1]},"_coverageSchema":"1a1c01bbd47fc00a2c39e90264f33305004495a9","hash":"bcd90736df420972c659296ab109dff87feeff57"}
,"C:\\Users\\Korisnik\\Desktop\\Hotel-Manager\\backend\\routes\\requests.js": {"path":"C:\\Users\\Korisnik\\Desktop\\Hotel-Manager\\backend\\routes\\requests.js","statementMap":{"0":{"start":{"line":1,"column":16},"end":{"line":1,"column":34}},"1":{"start":{"line":2,"column":15},"end":{"line":2,"column":31}},"2":{"start":{"line":3,"column":16},"end":{"line":3,"column":44}},"3":{"start":{"line":5,"column":11},"end":{"line":5,"column":78}},"4":{"start":{"line":5,"column":36},"end":{"line":5,"column":77}},"5":{"start":{"line":6,"column":13},"end":{"line":6,"column":83}},"6":{"start":{"line":6,"column":39},"end":{"line":6,"column":82}},"7":{"start":{"line":7,"column":13},"end":{"line":7,"column":69}},"8":{"start":{"line":7,"column":40},"end":{"line":7,"column":69}},"9":{"start":{"line":8,"column":13},"end":{"line":11,"column":1}},"10":{"start":{"line":9,"column":13},"end":{"line":9,"column":30}},"11":{"start":{"line":10,"column":2},"end":{"line":10,"column":31}},"12":{"start":{"line":10,"column":10},"end":{"line":10,"column":31}},"13":{"start":{"line":13,"column":0},"end":{"line":18,"column":3}},"14":{"start":{"line":14,"column":2},"end":{"line":17,"column":49}},"15":{"start":{"line":15,"column":21},"end":{"line":15,"column":65}},"16":{"start":{"line":16,"column":4},"end":{"line":16,"column":28}},"17":{"start":{"line":17,"column":18},"end":{"line":17,"column":47}},"18":{"start":{"line":20,"column":0},"end":{"line":30,"column":3}},"19":{"start":{"line":21,"column":2},"end":{"line":29,"column":54}},"20":{"start":{"line":22,"column":23},"end":{"line":25,"column":6}},"21":{"start":{"line":26,"column":18},"end":{"line":26,"column":41}},"22":{"start":{"line":27,"column":4},"end":{"line":27,"column":34}},"23":{"start":{"line":28,"column":4},"end":{"line":28,"column":30}},"24":{"start":{"line":29,"column":18},"end":{"line":29,"column":52}},"25":{"start":{"line":32,"column":0},"end":{"line":39,"column":3}},"26":{"start":{"line":33,"column":2},"end":{"line":38,"column":49}},"27":{"start":{"line":34,"column":20},"end":{"line":34,"column":66}},"28":{"start":{"line":35,"column":4},"end":{"line":35,"column":67}},"29":{"start":{"line":35,"column":18},"end":{"line":35,"column":67}},"30":{"start":{"line":36,"column":4},"end":{"line":36,"column":34}},"31":{"start":{"line":37,"column":4},"end":{"line":37,"column":57}},"32":{"start":{"line":38,"column":18},"end":{"line":38,"column":47}},"33":{"start":{"line":41,"column":0},"end":{"line":50,"column":3}},"34":{"start":{"line":42,"column":2},"end":{"line":49,"column":49}},"35":{"start":{"line":43,"column":21},"end":{"line":45,"column":5}},"36":{"start":{"line":46,"column":4},"end":{"line":46,"column":68}},"37":{"start":{"line":46,"column":19},"end":{"line":46,"column":68}},"38":{"start":{"line":47,"column":4},"end":{"line":47,"column":34}},"39":{"start":{"line":48,"column":4},"end":{"line":48,"column":28}},"40":{"start":{"line":49,"column":18},"end":{"line":49,"column":47}},"41":{"start":{"line":52,"column":0},"end":{"line":61,"column":3}},"42":{"start":{"line":53,"column":2},"end":{"line":60,"column":49}},"43":{"start":{"line":54,"column":23},"end":{"line":56,"column":5}},"44":{"start":{"line":57,"column":4},"end":{"line":57,"column":70}},"45":{"start":{"line":57,"column":21},"end":{"line":57,"column":70}},"46":{"start":{"line":58,"column":4},"end":{"line":58,"column":34}},"47":{"start":{"line":59,"column":4},"end":{"line":59,"column":30}},"48":{"start":{"line":60,"column":18},"end":{"line":60,"column":47}},"49":{"start":{"line":63,"column":0},"end":{"line":63,"column":24}}},"fnMap":{"0":{"name":"(anonymous_0)","decl":{"start":{"line":5,"column":11},"end":{"line":5,"column":12}},"loc":{"start":{"line":5,"column":36},"end":{"line":5,"column":77}},"line":5},"1":{"name":"(anonymous_1)","decl":{"start":{"line":6,"column":13},"end":{"line":6,"column":14}},"loc":{"start":{"line":6,"column":39},"end":{"line":6,"column":82}},"line":6},"2":{"name":"(anonymous_2)","decl":{"start":{"line":7,"column":13},"end":{"line":7,"column":14}},"loc":{"start":{"line":7,"column":40},"end":{"line":7,"column":69}},"line":7},"3":{"name":"(anonymous_3)","decl":{"start":{"line":8,"column":13},"end":{"line":8,"column":14}},"loc":{"start":{"line":8,"column":35},"end":{"line":11,"column":1}},"line":8},"4":{"name":"(anonymous_4)","decl":{"start":{"line":13,"column":16},"end":{"line":13,"column":17}},"loc":{"start":{"line":13,"column":36},"end":{"line":18,"column":1}},"line":13},"5":{"name":"(anonymous_5)","decl":{"start":{"line":20,"column":17},"end":{"line":20,"column":18}},"loc":{"start":{"line":20,"column":37},"end":{"line":30,"column":1}},"line":20},"6":{"name":"(anonymous_6)","decl":{"start":{"line":32,"column":22},"end":{"line":32,"column":23}},"loc":{"start":{"line":32,"column":42},"end":{"line":39,"column":1}},"line":32},"7":{"name":"(anonymous_7)","decl":{"start":{"line":41,"column":29},"end":{"line":41,"column":30}},"loc":{"start":{"line":41,"column":49},"end":{"line":50,"column":1}},"line":41},"8":{"name":"(anonymous_8)","decl":{"start":{"line":52,"column":31},"end":{"line":52,"column":32}},"loc":{"start":{"line":52,"column":51},"end":{"line":61,"column":1}},"line":52}},"branchMap":{"0":{"loc":{"start":{"line":5,"column":18},"end":{"line":5,"column":30}},"type":"default-arg","locations":[{"start":{"line":5,"column":27},"end":{"line":5,"column":30}}],"line":5},"1":{"loc":{"start":{"line":6,"column":21},"end":{"line":6,"column":33}},"type":"default-arg","locations":[{"start":{"line":6,"column":30},"end":{"line":6,"column":33}}],"line":6},"2":{"loc":{"start":{"line":10,"column":2},"end":{"line":10,"column":31}},"type":"if","locations":[{"start":{"line":10,"column":2},"end":{"line":10,"column":31}},{"start":{},"end":{}}],"line":10},"3":{"loc":{"start":{"line":35,"column":4},"end":{"line":35,"column":67}},"type":"if","locations":[{"start":{"line":35,"column":4},"end":{"line":35,"column":67}},{"start":{},"end":{}}],"line":35},"4":{"loc":{"start":{"line":46,"column":4},"end":{"line":46,"column":68}},"type":"if","locations":[{"start":{"line":46,"column":4},"end":{"line":46,"column":68}},{"start":{},"end":{}}],"line":46},"5":{"loc":{"start":{"line":57,"column":4},"end":{"line":57,"column":70}},"type":"if","locations":[{"start":{"line":57,"column":4},"end":{"line":57,"column":70}},{"start":{},"end":{}}],"line":57}},"s":{"0":1,"1":1,"2":1,"3":1,"4":5,"5":1,"6":3,"7":1,"8":8,"9":1,"10":4,"11":4,"12":4,"13":1,"14":1,"15":1,"16":1,"17":0,"18":1,"19":2,"20":2,"21":2,"22":1,"23":1,"24":1,"25":1,"26":2,"27":2,"28":2,"29":1,"30":1,"31":1,"32":0,"33":1,"34":2,"35":2,"36":2,"37":1,"38":1,"39":1,"40":0,"41":1,"42":1,"43":1,"44":1,"45":0,"46":1,"47":1,"48":0,"49":1},"f":{"0":5,"1":3,"2":8,"3":4,"4":1,"5":2,"6":2,"7":2,"8":1},"b":{"0":[4],"1":[0],"2":[4,0],"3":[1,1],"4":[1,1],"5":[0,1]},"_coverageSchema":"1a1c01bbd47fc00a2c39e90264f33305004495a9","hash":"52db97399c31dd7cfacadf9af412445294acceef"}
,"C:\\Users\\Korisnik\\Desktop\\Hotel-Manager\\backend\\routes\\rooms.js": {"path":"C:\\Users\\Korisnik\\Desktop\\Hotel-Manager\\backend\\routes\\rooms.js","statementMap":{"0":{"start":{"line":1,"column":16},"end":{"line":1,"column":34}},"1":{"start":{"line":2,"column":15},"end":{"line":2,"column":31}},"2":{"start":{"line":3,"column":13},"end":{"line":3,"column":38}},"3":{"start":{"line":4,"column":13},"end":{"line":4,"column":38}},"4":{"start":{"line":5,"column":16},"end":{"line":5,"column":44}},"5":{"start":{"line":6,"column":20},"end":{"line":6,"column":54}},"6":{"start":{"line":8,"column":23},"end":{"line":8,"column":66}},"7":{"start":{"line":10,"column":11},"end":{"line":10,"column":78}},"8":{"start":{"line":10,"column":36},"end":{"line":10,"column":77}},"9":{"start":{"line":11,"column":13},"end":{"line":11,"column":83}},"10":{"start":{"line":11,"column":39},"end":{"line":11,"column":82}},"11":{"start":{"line":12,"column":13},"end":{"line":12,"column":69}},"12":{"start":{"line":12,"column":40},"end":{"line":12,"column":69}},"13":{"start":{"line":15,"column":2},"end":{"line":32,"column":3}},"14":{"start":{"line":16,"column":4},"end":{"line":16,"column":49}},"15":{"start":{"line":16,"column":42},"end":{"line":16,"column":49}},"16":{"start":{"line":17,"column":21},"end":{"line":21,"column":6}},"17":{"start":{"line":22,"column":4},"end":{"line":22,"column":25}},"18":{"start":{"line":22,"column":18},"end":{"line":22,"column":25}},"19":{"start":{"line":23,"column":4},"end":{"line":27,"column":7}},"20":{"start":{"line":28,"column":4},"end":{"line":28,"column":37}},"21":{"start":{"line":28,"column":12},"end":{"line":28,"column":37}},"22":{"start":{"line":29,"column":4},"end":{"line":29,"column":74}},"23":{"start":{"line":31,"column":4},"end":{"line":31,"column":66}},"24":{"start":{"line":35,"column":0},"end":{"line":42,"column":3}},"25":{"start":{"line":36,"column":2},"end":{"line":41,"column":3}},"26":{"start":{"line":37,"column":18},"end":{"line":37,"column":59}},"27":{"start":{"line":38,"column":4},"end":{"line":38,"column":25}},"28":{"start":{"line":40,"column":4},"end":{"line":40,"column":33}},"29":{"start":{"line":44,"column":0},"end":{"line":83,"column":3}},"30":{"start":{"line":45,"column":2},"end":{"line":82,"column":3}},"31":{"start":{"line":46,"column":23},"end":{"line":46,"column":37}},"32":{"start":{"line":47,"column":4},"end":{"line":49,"column":5}},"33":{"start":{"line":48,"column":6},"end":{"line":48,"column":98}},"34":{"start":{"line":52,"column":17},"end":{"line":52,"column":51}},"35":{"start":{"line":53,"column":4},"end":{"line":53,"column":61}},"36":{"start":{"line":53,"column":15},"end":{"line":53,"column":61}},"37":{"start":{"line":56,"column":26},"end":{"line":59,"column":6}},"38":{"start":{"line":61,"column":4},"end":{"line":66,"column":5}},"39":{"start":{"line":62,"column":6},"end":{"line":65,"column":9}},"40":{"start":{"line":68,"column":20},"end":{"line":72,"column":5}},"41":{"start":{"line":74,"column":15},"end":{"line":74,"column":32}},"42":{"start":{"line":75,"column":4},"end":{"line":75,"column":41}},"43":{"start":{"line":76,"column":4},"end":{"line":76,"column":47}},"44":{"start":{"line":77,"column":4},"end":{"line":77,"column":46}},"45":{"start":{"line":77,"column":12},"end":{"line":77,"column":46}},"46":{"start":{"line":79,"column":4},"end":{"line":79,"column":27}},"47":{"start":{"line":81,"column":4},"end":{"line":81,"column":33}},"48":{"start":{"line":85,"column":0},"end":{"line":85,"column":24}}},"fnMap":{"0":{"name":"(anonymous_0)","decl":{"start":{"line":10,"column":11},"end":{"line":10,"column":12}},"loc":{"start":{"line":10,"column":36},"end":{"line":10,"column":77}},"line":10},"1":{"name":"(anonymous_1)","decl":{"start":{"line":11,"column":13},"end":{"line":11,"column":14}},"loc":{"start":{"line":11,"column":39},"end":{"line":11,"column":82}},"line":11},"2":{"name":"(anonymous_2)","decl":{"start":{"line":12,"column":13},"end":{"line":12,"column":14}},"loc":{"start":{"line":12,"column":40},"end":{"line":12,"column":69}},"line":12},"3":{"name":"maybeCreateCleaningTask","decl":{"start":{"line":14,"column":15},"end":{"line":14,"column":38}},"loc":{"start":{"line":14,"column":49},"end":{"line":33,"column":1}},"line":14},"4":{"name":"(anonymous_4)","decl":{"start":{"line":35,"column":16},"end":{"line":35,"column":17}},"loc":{"start":{"line":35,"column":36},"end":{"line":42,"column":1}},"line":35},"5":{"name":"(anonymous_5)","decl":{"start":{"line":44,"column":26},"end":{"line":44,"column":27}},"loc":{"start":{"line":44,"column":46},"end":{"line":83,"column":1}},"line":44}},"branchMap":{"0":{"loc":{"start":{"line":10,"column":18},"end":{"line":10,"column":30}},"type":"default-arg","locations":[{"start":{"line":10,"column":27},"end":{"line":10,"column":30}}],"line":10},"1":{"loc":{"start":{"line":11,"column":21},"end":{"line":11,"column":33}},"type":"default-arg","locations":[{"start":{"line":11,"column":30},"end":{"line":11,"column":33}}],"line":11},"2":{"loc":{"start":{"line":16,"column":4},"end":{"line":16,"column":49}},"type":"if","locations":[{"start":{"line":16,"column":4},"end":{"line":16,"column":49}},{"start":{},"end":{}}],"line":16},"3":{"loc":{"start":{"line":22,"column":4},"end":{"line":22,"column":25}},"type":"if","locations":[{"start":{"line":22,"column":4},"end":{"line":22,"column":25}},{"start":{},"end":{}}],"line":22},"4":{"loc":{"start":{"line":28,"column":4},"end":{"line":28,"column":37}},"type":"if","locations":[{"start":{"line":28,"column":4},"end":{"line":28,"column":37}},{"start":{},"end":{}}],"line":28},"5":{"loc":{"start":{"line":46,"column":23},"end":{"line":46,"column":37}},"type":"binary-expr","locations":[{"start":{"line":46,"column":23},"end":{"line":46,"column":31}},{"start":{"line":46,"column":35},"end":{"line":46,"column":37}}],"line":46},"6":{"loc":{"start":{"line":47,"column":4},"end":{"line":49,"column":5}},"type":"if","locations":[{"start":{"line":47,"column":4},"end":{"line":49,"column":5}},{"start":{},"end":{}}],"line":47},"7":{"loc":{"start":{"line":53,"column":4},"end":{"line":53,"column":61}},"type":"if","locations":[{"start":{"line":53,"column":4},"end":{"line":53,"column":61}},{"start":{},"end":{}}],"line":53},"8":{"loc":{"start":{"line":61,"column":4},"end":{"line":66,"column":5}},"type":"if","locations":[{"start":{"line":61,"column":4},"end":{"line":66,"column":5}},{"start":{},"end":{}}],"line":61},"9":{"loc":{"start":{"line":77,"column":4},"end":{"line":77,"column":46}},"type":"if","locations":[{"start":{"line":77,"column":4},"end":{"line":77,"column":46}},{"start":{},"end":{}}],"line":77}},"s":{"0":1,"1":1,"2":1,"3":1,"4":1,"5":1,"6":1,"7":1,"8":6,"9":1,"10":3,"11":1,"12":9,"13":4,"14":4,"15":1,"16":3,"17":3,"18":1,"19":2,"20":2,"21":2,"22":2,"23":0,"24":1,"25":2,"26":2,"27":2,"28":0,"29":1,"30":7,"31":7,"32":7,"33":1,"34":6,"35":6,"36":1,"37":5,"38":5,"39":1,"40":4,"41":4,"42":4,"43":4,"44":4,"45":4,"46":4,"47":0,"48":1},"f":{"0":6,"1":3,"2":9,"3":4,"4":2,"5":7},"b":{"0":[6],"1":[0],"2":[1,3],"3":[1,2],"4":[2,0],"5":[7,0],"6":[1,6],"7":[1,5],"8":[1,4],"9":[4,0]},"_coverageSchema":"1a1c01bbd47fc00a2c39e90264f33305004495a9","hash":"249a89ec0a3d1b9507a2c078f2064c6038530f53"}
,"C:\\Users\\Korisnik\\Desktop\\Hotel-Manager\\backend\\routes\\tasks.js": {"path":"C:\\Users\\Korisnik\\Desktop\\Hotel-Manager\\backend\\routes\\tasks.js","statementMap":{"0":{"start":{"line":1,"column":16},"end":{"line":1,"column":34}},"1":{"start":{"line":2,"column":15},"end":{"line":2,"column":31}},"2":{"start":{"line":3,"column":13},"end":{"line":3,"column":38}},"3":{"start":{"line":4,"column":13},"end":{"line":4,"column":38}},"4":{"start":{"line":6,"column":11},"end":{"line":6,"column":78}},"5":{"start":{"line":6,"column":36},"end":{"line":6,"column":77}},"6":{"start":{"line":7,"column":13},"end":{"line":7,"column":83}},"7":{"start":{"line":7,"column":39},"end":{"line":7,"column":82}},"8":{"start":{"line":8,"column":13},"end":{"line":8,"column":69}},"9":{"start":{"line":8,"column":40},"end":{"line":8,"column":69}},"10":{"start":{"line":9,"column":13},"end":{"line":12,"column":1}},"11":{"start":{"line":10,"column":13},"end":{"line":10,"column":30}},"12":{"start":{"line":11,"column":2},"end":{"line":11,"column":31}},"13":{"start":{"line":11,"column":10},"end":{"line":11,"column":31}},"14":{"start":{"line":14,"column":0},"end":{"line":19,"column":3}},"15":{"start":{"line":15,"column":2},"end":{"line":18,"column":49}},"16":{"start":{"line":16,"column":18},"end":{"line":16,"column":59}},"17":{"start":{"line":17,"column":4},"end":{"line":17,"column":25}},"18":{"start":{"line":18,"column":18},"end":{"line":18,"column":47}},"19":{"start":{"line":21,"column":0},"end":{"line":32,"column":3}},"20":{"start":{"line":22,"column":2},"end":{"line":31,"column":54}},"21":{"start":{"line":23,"column":20},"end":{"line":27,"column":6}},"22":{"start":{"line":28,"column":18},"end":{"line":28,"column":38}},"23":{"start":{"line":29,"column":4},"end":{"line":29,"column":31}},"24":{"start":{"line":30,"column":4},"end":{"line":30,"column":30}},"25":{"start":{"line":31,"column":18},"end":{"line":31,"column":52}},"26":{"start":{"line":34,"column":0},"end":{"line":41,"column":3}},"27":{"start":{"line":35,"column":2},"end":{"line":40,"column":49}},"28":{"start":{"line":36,"column":20},"end":{"line":36,"column":63}},"29":{"start":{"line":37,"column":4},"end":{"line":37,"column":64}},"30":{"start":{"line":37,"column":18},"end":{"line":37,"column":64}},"31":{"start":{"line":38,"column":4},"end":{"line":38,"column":31}},"32":{"start":{"line":39,"column":4},"end":{"line":39,"column":57}},"33":{"start":{"line":40,"column":18},"end":{"line":40,"column":47}},"34":{"start":{"line":43,"column":0},"end":{"line":66,"column":3}},"35":{"start":{"line":44,"column":2},"end":{"line":65,"column":49}},"36":{"start":{"line":45,"column":22},"end":{"line":47,"column":5}},"37":{"start":{"line":48,"column":4},"end":{"line":48,"column":66}},"38":{"start":{"line":48,"column":20},"end":{"line":48,"column":66}},"39":{"start":{"line":51,"column":4},"end":{"line":61,"column":5}},"40":{"start":{"line":52,"column":19},"end":{"line":56,"column":7}},"41":{"start":{"line":57,"column":6},"end":{"line":60,"column":7}},"42":{"start":{"line":58,"column":8},"end":{"line":58,"column":41}},"43":{"start":{"line":59,"column":8},"end":{"line":59,"column":94}},"44":{"start":{"line":63,"column":4},"end":{"line":63,"column":31}},"45":{"start":{"line":64,"column":4},"end":{"line":64,"column":29}},"46":{"start":{"line":65,"column":18},"end":{"line":65,"column":47}},"47":{"start":{"line":68,"column":0},"end":{"line":77,"column":3}},"48":{"start":{"line":69,"column":2},"end":{"line":76,"column":49}},"49":{"start":{"line":70,"column":21},"end":{"line":72,"column":5}},"50":{"start":{"line":73,"column":4},"end":{"line":73,"column":65}},"51":{"start":{"line":73,"column":19},"end":{"line":73,"column":65}},"52":{"start":{"line":74,"column":4},"end":{"line":74,"column":31}},"53":{"start":{"line":75,"column":4},"end":{"line":75,"column":28}},"54":{"start":{"line":76,"column":18},"end":{"line":76,"column":47}},"55":{"start":{"line":79,"column":0},"end":{"line":79,"column":24}}},"fnMap":{"0":{"name":"(anonymous_0)","decl":{"start":{"line":6,"column":11},"end":{"line":6,"column":12}},"loc":{"start":{"line":6,"column":36},"end":{"line":6,"column":77}},"line":6},"1":{"name":"(anonymous_1)","decl":{"start":{"line":7,"column":13},"end":{"line":7,"column":14}},"loc":{"start":{"line":7,"column":39},"end":{"line":7,"column":82}},"line":7},"2":{"name":"(anonymous_2)","decl":{"start":{"line":8,"column":13},"end":{"line":8,"column":14}},"loc":{"start":{"line":8,"column":40},"end":{"line":8,"column":69}},"line":8},"3":{"name":"(anonymous_3)","decl":{"start":{"line":9,"column":13},"end":{"line":9,"column":14}},"loc":{"start":{"line":9,"column":35},"end":{"line":12,"column":1}},"line":9},"4":{"name":"(anonymous_4)","decl":{"start":{"line":14,"column":16},"end":{"line":14,"column":17}},"loc":{"start":{"line":14,"column":36},"end":{"line":19,"column":1}},"line":14},"5":{"name":"(anonymous_5)","decl":{"start":{"line":21,"column":17},"end":{"line":21,"column":18}},"loc":{"start":{"line":21,"column":37},"end":{"line":32,"column":1}},"line":21},"6":{"name":"(anonymous_6)","decl":{"start":{"line":34,"column":22},"end":{"line":34,"column":23}},"loc":{"start":{"line":34,"column":42},"end":{"line":41,"column":1}},"line":34},"7":{"name":"(anonymous_7)","decl":{"start":{"line":43,"column":30},"end":{"line":43,"column":31}},"loc":{"start":{"line":43,"column":50},"end":{"line":66,"column":1}},"line":43},"8":{"name":"(anonymous_8)","decl":{"start":{"line":68,"column":28},"end":{"line":68,"column":29}},"loc":{"start":{"line":68,"column":48},"end":{"line":77,"column":1}},"line":68}},"branchMap":{"0":{"loc":{"start":{"line":6,"column":18},"end":{"line":6,"column":30}},"type":"default-arg","locations":[{"start":{"line":6,"column":27},"end":{"line":6,"column":30}}],"line":6},"1":{"loc":{"start":{"line":7,"column":21},"end":{"line":7,"column":33}},"type":"default-arg","locations":[{"start":{"line":7,"column":30},"end":{"line":7,"column":33}}],"line":7},"2":{"loc":{"start":{"line":11,"column":2},"end":{"line":11,"column":31}},"type":"if","locations":[{"start":{"line":11,"column":2},"end":{"line":11,"column":31}},{"start":{},"end":{}}],"line":11},"3":{"loc":{"start":{"line":26,"column":14},"end":{"line":26,"column":42}},"type":"binary-expr","locations":[{"start":{"line":26,"column":14},"end":{"line":26,"column":29}},{"start":{"line":26,"column":33},"end":{"line":26,"column":42}}],"line":26},"4":{"loc":{"start":{"line":37,"column":4},"end":{"line":37,"column":64}},"type":"if","locations":[{"start":{"line":37,"column":4},"end":{"line":37,"column":64}},{"start":{},"end":{}}],"line":37},"5":{"loc":{"start":{"line":48,"column":4},"end":{"line":48,"column":66}},"type":"if","locations":[{"start":{"line":48,"column":4},"end":{"line":48,"column":66}},{"start":{},"end":{}}],"line":48},"6":{"loc":{"start":{"line":51,"column":4},"end":{"line":61,"column":5}},"type":"if","locations":[{"start":{"line":51,"column":4},"end":{"line":61,"column":5}},{"start":{},"end":{}}],"line":51},"7":{"loc":{"start":{"line":57,"column":6},"end":{"line":60,"column":7}},"type":"if","locations":[{"start":{"line":57,"column":6},"end":{"line":60,"column":7}},{"start":{},"end":{}}],"line":57},"8":{"loc":{"start":{"line":73,"column":4},"end":{"line":73,"column":65}},"type":"if","locations":[{"start":{"line":73,"column":4},"end":{"line":73,"column":65}},{"start":{},"end":{}}],"line":73}},"s":{"0":1,"1":1,"2":1,"3":1,"4":1,"5":8,"6":1,"7":4,"8":1,"9":12,"10":1,"11":7,"12":7,"13":7,"14":1,"15":2,"16":2,"17":2,"18":0,"19":1,"20":2,"21":2,"22":2,"23":1,"24":1,"25":1,"26":1,"27":2,"28":2,"29":2,"30":1,"31":1,"32":1,"33":0,"34":1,"35":4,"36":4,"37":4,"38":1,"39":3,"40":1,"41":1,"42":1,"43":1,"44":3,"45":3,"46":0,"47":1,"48":2,"49":2,"50":2,"51":1,"52":1,"53":1,"54":0,"55":1},"f":{"0":8,"1":4,"2":12,"3":7,"4":2,"5":2,"6":2,"7":4,"8":2},"b":{"0":[7],"1":[0],"2":[7,0],"3":[2,2],"4":[1,1],"5":[1,3],"6":[1,2],"7":[1,0],"8":[1,1]},"_coverageSchema":"1a1c01bbd47fc00a2c39e90264f33305004495a9","hash":"9b78bd6c2303ae8e9ed117f35b4ce73553df4bdb"}
,"C:\\Users\\Korisnik\\Desktop\\Hotel-Manager\\backend\\services\\AuthService.js": {"path":"C:\\Users\\Korisnik\\Desktop\\Hotel-Manager\\backend\\services\\AuthService.js","statementMap":{"0":{"start":{"line":1,"column":13},"end":{"line":1,"column":38}},"1":{"start":{"line":2,"column":15},"end":{"line":2,"column":32}},"2":{"start":{"line":6,"column":17},"end":{"line":6,"column":49}},"3":{"start":{"line":7,"column":4},"end":{"line":9,"column":5}},"4":{"start":{"line":8,"column":6},"end":{"line":8,"column":57}},"5":{"start":{"line":11,"column":18},"end":{"line":11,"column":67}},"6":{"start":{"line":12,"column":4},"end":{"line":14,"column":5}},"7":{"start":{"line":13,"column":6},"end":{"line":13,"column":62}},"8":{"start":{"line":17,"column":4},"end":{"line":17,"column":34}},"9":{"start":{"line":18,"column":4},"end":{"line":18,"column":33}},"10":{"start":{"line":20,"column":4},"end":{"line":23,"column":6}},"11":{"start":{"line":27,"column":4},"end":{"line":35,"column":7}},"12":{"start":{"line":28,"column":6},"end":{"line":34,"column":9}},"13":{"start":{"line":29,"column":8},"end":{"line":33,"column":9}},"14":{"start":{"line":30,"column":10},"end":{"line":30,"column":71}},"15":{"start":{"line":32,"column":10},"end":{"line":32,"column":37}},"16":{"start":{"line":39,"column":0},"end":{"line":39,"column":35}}},"fnMap":{"0":{"name":"(anonymous_0)","decl":{"start":{"line":5,"column":2},"end":{"line":5,"column":3}},"loc":{"start":{"line":5,"column":39},"end":{"line":24,"column":3}},"line":5},"1":{"name":"(anonymous_1)","decl":{"start":{"line":26,"column":2},"end":{"line":26,"column":3}},"loc":{"start":{"line":26,"column":20},"end":{"line":36,"column":3}},"line":26},"2":{"name":"(anonymous_2)","decl":{"start":{"line":27,"column":23},"end":{"line":27,"column":24}},"loc":{"start":{"line":27,"column":36},"end":{"line":35,"column":5}},"line":27},"3":{"name":"(anonymous_3)","decl":{"start":{"line":28,"column":26},"end":{"line":28,"column":27}},"loc":{"start":{"line":28,"column":35},"end":{"line":34,"column":7}},"line":28}},"branchMap":{"0":{"loc":{"start":{"line":7,"column":4},"end":{"line":9,"column":5}},"type":"if","locations":[{"start":{"line":7,"column":4},"end":{"line":9,"column":5}},{"start":{},"end":{}}],"line":7},"1":{"loc":{"start":{"line":12,"column":4},"end":{"line":14,"column":5}},"type":"if","locations":[{"start":{"line":12,"column":4},"end":{"line":14,"column":5}},{"start":{},"end":{}}],"line":12},"2":{"loc":{"start":{"line":29,"column":8},"end":{"line":33,"column":9}},"type":"if","locations":[{"start":{"line":29,"column":8},"end":{"line":33,"column":9}},{"start":{"line":31,"column":15},"end":{"line":33,"column":9}}],"line":29}},"s":{"0":1,"1":1,"2":2,"3":2,"4":2,"5":0,"6":0,"7":0,"8":0,"9":0,"10":0,"11":3,"12":3,"13":3,"14":1,"15":2,"16":1},"f":{"0":2,"1":3,"2":3,"3":3},"b":{"0":[2,0],"1":[0,0],"2":[1,2]},"_coverageSchema":"1a1c01bbd47fc00a2c39e90264f33305004495a9","hash":"56997f3c4c707bdc085be55b26c1697e4cb3140b"}
,"C:\\Users\\Korisnik\\Desktop\\Hotel-Manager\\backend\\services\\RoomObserver.js": {"path":"C:\\Users\\Korisnik\\Desktop\\Hotel-Manager\\backend\\services\\RoomObserver.js","statementMap":{"0":{"start":{"line":13,"column":0},"end":{"line":13,"column":30}}},"fnMap":{"0":{"name":"(anonymous_0)","decl":{"start":{"line":4,"column":2},"end":{"line":4,"column":3}},"loc":{"start":{"line":4,"column":19},"end":{"line":6,"column":3}},"line":4},"1":{"name":"(anonymous_1)","decl":{"start":{"line":8,"column":2},"end":{"line":8,"column":3}},"loc":{"start":{"line":8,"column":41},"end":{"line":10,"column":3}},"line":8}},"branchMap":{},"s":{"0":1},"f":{"0":1,"1":7},"b":{},"_coverageSchema":"1a1c01bbd47fc00a2c39e90264f33305004495a9","hash":"f1697251bcccb810866ecb5c21dc84f6f8606b64"}
,"C:\\Users\\Korisnik\\Desktop\\Hotel-Manager\\backend\\services\\RoomOperationsFacade.js": {"path":"C:\\Users\\Korisnik\\Desktop\\Hotel-Manager\\backend\\services\\RoomOperationsFacade.js","statementMap":{"0":{"start":{"line":1,"column":20},"end":{"line":1,"column":44}},"1":{"start":{"line":2,"column":20},"end":{"line":2,"column":44}},"2":{"start":{"line":7,"column":4},"end":{"line":7,"column":39}},"3":{"start":{"line":11,"column":4},"end":{"line":11,"column":65}},"4":{"start":{"line":12,"column":4},"end":{"line":12,"column":65}},"5":{"start":{"line":13,"column":4},"end":{"line":13,"column":73}},"6":{"start":{"line":17,"column":0},"end":{"line":17,"column":44}}},"fnMap":{"0":{"name":"(anonymous_0)","decl":{"start":{"line":5,"column":2},"end":{"line":5,"column":3}},"loc":{"start":{"line":5,"column":16},"end":{"line":8,"column":3}},"line":5},"1":{"name":"(anonymous_1)","decl":{"start":{"line":10,"column":2},"end":{"line":10,"column":3}},"loc":{"start":{"line":10,"column":29},"end":{"line":14,"column":3}},"line":10}},"branchMap":{},"s":{"0":1,"1":1,"2":1,"3":2,"4":2,"5":2,"6":1},"f":{"0":1,"1":2},"b":{},"_coverageSchema":"1a1c01bbd47fc00a2c39e90264f33305004495a9","hash":"5ffa0f15c8b88fabc8cfbdf5e7bf8fd4ced455fb"}
,"C:\\Users\\Korisnik\\Desktop\\Hotel-Manager\\backend\\services\\RoomService.js": {"path":"C:\\Users\\Korisnik\\Desktop\\Hotel-Manager\\backend\\services\\RoomService.js","statementMap":{"0":{"start":{"line":3,"column":4},"end":{"line":3,"column":19}},"1":{"start":{"line":7,"column":4},"end":{"line":7,"column":28}},"2":{"start":{"line":11,"column":4},"end":{"line":15,"column":5}},"3":{"start":{"line":12,"column":6},"end":{"line":14,"column":7}},"4":{"start":{"line":13,"column":8},"end":{"line":13,"column":55}},"5":{"start":{"line":19,"column":4},"end":{"line":19,"column":66}},"6":{"start":{"line":21,"column":4},"end":{"line":25,"column":5}},"7":{"start":{"line":22,"column":6},"end":{"line":24,"column":7}},"8":{"start":{"line":23,"column":8},"end":{"line":23,"column":51}},"9":{"start":{"line":26,"column":4},"end":{"line":26,"column":29}},"10":{"start":{"line":30,"column":0},"end":{"line":30,"column":35}}},"fnMap":{"0":{"name":"(anonymous_0)","decl":{"start":{"line":2,"column":2},"end":{"line":2,"column":3}},"loc":{"start":{"line":2,"column":16},"end":{"line":4,"column":3}},"line":2},"1":{"name":"(anonymous_1)","decl":{"start":{"line":6,"column":2},"end":{"line":6,"column":3}},"loc":{"start":{"line":6,"column":21},"end":{"line":8,"column":3}},"line":6},"2":{"name":"(anonymous_2)","decl":{"start":{"line":10,"column":2},"end":{"line":10,"column":3}},"loc":{"start":{"line":10,"column":24},"end":{"line":16,"column":3}},"line":10},"3":{"name":"(anonymous_3)","decl":{"start":{"line":18,"column":2},"end":{"line":18,"column":3}},"loc":{"start":{"line":18,"column":44},"end":{"line":27,"column":3}},"line":18}},"branchMap":{"0":{"loc":{"start":{"line":12,"column":6},"end":{"line":14,"column":7}},"type":"if","locations":[{"start":{"line":12,"column":6},"end":{"line":14,"column":7}},{"start":{},"end":{}}],"line":12},"1":{"loc":{"start":{"line":22,"column":6},"end":{"line":24,"column":7}},"type":"if","locations":[{"start":{"line":22,"column":6},"end":{"line":24,"column":7}},{"start":{},"end":{}}],"line":22}},"s":{"0":1,"1":1,"2":4,"3":4,"4":4,"5":2,"6":2,"7":2,"8":2,"9":2,"10":1},"f":{"0":1,"1":1,"2":4,"3":2},"b":{"0":[4,0],"1":[2,0]},"_coverageSchema":"1a1c01bbd47fc00a2c39e90264f33305004495a9","hash":"95d8af913189c5681151ede27a6f8196a8880db7"}
,"C:\\Users\\Korisnik\\Desktop\\Hotel-Manager\\backend\\services\\TaskService.js": {"path":"C:\\Users\\Korisnik\\Desktop\\Hotel-Manager\\backend\\services\\TaskService.js","statementMap":{"0":{"start":{"line":1,"column":21},"end":{"line":1,"column":46}},"1":{"start":{"line":7,"column":4},"end":{"line":10,"column":5}},"2":{"start":{"line":8,"column":6},"end":{"line":8,"column":105}},"3":{"start":{"line":14,"column":0},"end":{"line":14,"column":35}}},"fnMap":{"0":{"name":"(anonymous_0)","decl":{"start":{"line":5,"column":2},"end":{"line":5,"column":3}},"loc":{"start":{"line":5,"column":19},"end":{"line":11,"column":3}},"line":5}},"branchMap":{"0":{"loc":{"start":{"line":7,"column":4},"end":{"line":10,"column":5}},"type":"if","locations":[{"start":{"line":7,"column":4},"end":{"line":10,"column":5}},{"start":{},"end":{}}],"line":7}},"s":{"0":1,"1":2,"2":1,"3":1},"f":{"0":2},"b":{"0":[1,1]},"_coverageSchema":"1a1c01bbd47fc00a2c39e90264f33305004495a9","hash":"07c9d93d8646adcf0e984b09238632f083d6dd21"}
}
