TN:
SF:models\Booking.js
FNF:0
FNH:0
DA:1,1
DA:3,1
DA:16,1
LF:3
LH:3
BRF:0
BRH:0
end_of_record
TN:
SF:models\Request.js
FNF:0
FNH:0
DA:1,1
DA:3,1
DA:9,1
LF:3
LH:3
BRF:0
BRH:0
end_of_record
TN:
SF:models\Room.js
FNF:0
FNH:0
DA:1,1
DA:3,1
DA:8,1
LF:3
LH:3
BRF:0
BRH:0
end_of_record
TN:
SF:models\Task.js
FNF:0
FNH:0
DA:1,1
DA:3,1
DA:9,1
LF:3
LH:3
BRF:0
BRH:0
end_of_record
TN:
SF:models\user.js
FNF:0
FNH:0
DA:1,1
DA:3,1
DA:20,1
LF:3
LH:3
BRF:0
BRH:0
end_of_record
TN:
SF:routes\auth.js
FN:5,(anonymous_0)
FN:23,(anonymous_1)
FN:32,(anonymous_2)
FNF:3
FNH:3
FNDA:3,(anonymous_0)
FNDA:1,(anonymous_1)
FNDA:1,(anonymous_2)
DA:1,1
DA:2,1
DA:3,1
DA:5,1
DA:6,3
DA:8,3
DA:9,2
DA:12,1
DA:13,1
DA:14,1
DA:15,1
DA:17,0
DA:19,0
DA:23,1
DA:24,1
DA:25,1
DA:26,1
DA:28,0
DA:32,1
DA:33,1
DA:34,0
DA:43,1
DA:49,1
LF:23
LH:19
BRDA:8,0,0,2
BRDA:8,0,1,1
BRDA:8,1,0,3
BRDA:8,1,1,2
BRDA:14,2,0,1
BRDA:14,2,1,0
BRDA:33,3,0,0
BRDA:33,3,1,1
BRDA:33,4,0,1
BRDA:33,4,1,1
BRF:10
BRH:8
end_of_record
TN:
SF:routes\bookings.js
FN:8,(anonymous_0)
FN:9,(anonymous_1)
FN:10,(anonymous_2)
FN:11,(anonymous_3)
FN:16,autoCheckoutOverdue
FN:21,(anonymous_5)
FN:23,(anonymous_6)
FN:24,(anonymous_7)
FN:43,(anonymous_8)
FN:51,(anonymous_9)
FN:95,(anonymous_10)
FNF:11
FNH:11
FNDA:6,(anonymous_0)
FNDA:6,(anonymous_1)
FNDA:12,(anonymous_2)
FNDA:4,(anonymous_3)
FNDA:2,autoCheckoutOverdue
FNDA:1,(anonymous_5)
FNDA:1,(anonymous_6)
FNDA:1,(anonymous_7)
FNDA:2,(anonymous_8)
FNDA:8,(anonymous_9)
FNDA:2,(anonymous_10)
DA:1,1
DA:2,1
DA:3,1
DA:4,1
DA:6,1
DA:8,6
DA:9,6
DA:10,12
DA:11,1
DA:12,4
DA:13,4
DA:17,2
DA:18,2
DA:19,2
DA:20,2
DA:21,2
DA:22,2
DA:23,1
DA:24,1
DA:25,1
DA:29,1
DA:33,1
DA:34,1
DA:35,1
DA:37,1
DA:39,0
DA:43,1
DA:44,2
DA:45,2
DA:46,2
DA:47,2
DA:48,0
DA:51,1
DA:52,8
DA:53,8
DA:55,8
DA:56,1
DA:59,7
DA:60,7
DA:61,1
DA:64,6
DA:65,2
DA:68,4
DA:75,4
DA:76,1
DA:82,3
DA:89,3
DA:90,3
DA:91,3
DA:92,0
DA:95,1
DA:96,2
DA:97,2
DA:98,2
DA:99,1
DA:100,1
DA:101,0
DA:104,1
LF:58
LH:54
BRDA:8,0,0,3
BRDA:9,1,0,0
BRDA:13,2,0,4
BRDA:13,2,1,0
BRDA:22,3,0,1
BRDA:22,3,1,1
BRDA:33,4,0,1
BRDA:33,4,1,0
BRDA:53,5,0,8
BRDA:53,5,1,0
BRDA:55,6,0,1
BRDA:55,6,1,7
BRDA:55,7,0,8
BRDA:55,7,1,8
BRDA:55,7,2,7
BRDA:55,7,3,7
BRDA:55,7,4,7
BRDA:59,8,0,7
BRDA:59,8,1,6
BRDA:60,9,0,1
BRDA:60,9,1,6
BRDA:64,10,0,2
BRDA:64,10,1,4
BRDA:75,11,0,1
BRDA:75,11,1,3
BRDA:98,12,0,1
BRDA:98,12,1,1
BRF:27
BRH:23
end_of_record
TN:
SF:routes\requests.js
FN:5,(anonymous_0)
FN:6,(anonymous_1)
FN:7,(anonymous_2)
FN:8,(anonymous_3)
FN:13,(anonymous_4)
FN:20,(anonymous_5)
FN:32,(anonymous_6)
FN:41,(anonymous_7)
FN:52,(anonymous_8)
FNF:9
FNH:9
FNDA:5,(anonymous_0)
FNDA:3,(anonymous_1)
FNDA:8,(anonymous_2)
FNDA:4,(anonymous_3)
FNDA:1,(anonymous_4)
FNDA:2,(anonymous_5)
FNDA:2,(anonymous_6)
FNDA:2,(anonymous_7)
FNDA:1,(anonymous_8)
DA:1,1
DA:2,1
DA:3,1
DA:5,5
DA:6,3
DA:7,8
DA:8,1
DA:9,4
DA:10,4
DA:13,1
DA:14,1
DA:15,1
DA:16,1
DA:17,0
DA:20,1
DA:21,2
DA:22,2
DA:26,2
DA:27,1
DA:28,1
DA:29,1
DA:32,1
DA:33,2
DA:34,2
DA:35,2
DA:36,1
DA:37,1
DA:38,0
DA:41,1
DA:42,2
DA:43,2
DA:46,2
DA:47,1
DA:48,1
DA:49,0
DA:52,1
DA:53,1
DA:54,1
DA:57,1
DA:58,1
DA:59,1
DA:60,0
DA:63,1
LF:43
LH:39
BRDA:5,0,0,4
BRDA:6,1,0,0
BRDA:10,2,0,4
BRDA:10,2,1,0
BRDA:35,3,0,1
BRDA:35,3,1,1
BRDA:46,4,0,1
BRDA:46,4,1,1
BRDA:57,5,0,0
BRDA:57,5,1,1
BRF:10
BRH:7
end_of_record
TN:
SF:routes\rooms.js
FN:10,(anonymous_0)
FN:11,(anonymous_1)
FN:12,(anonymous_2)
FN:14,maybeCreateCleaningTask
FN:35,(anonymous_4)
FN:44,(anonymous_5)
FNF:6
FNH:6
FNDA:6,(anonymous_0)
FNDA:3,(anonymous_1)
FNDA:9,(anonymous_2)
FNDA:4,maybeCreateCleaningTask
FNDA:2,(anonymous_4)
FNDA:7,(anonymous_5)
DA:1,1
DA:2,1
DA:3,1
DA:4,1
DA:5,1
DA:6,1
DA:8,1
DA:10,6
DA:11,3
DA:12,9
DA:15,4
DA:16,4
DA:17,3
DA:22,3
DA:23,2
DA:28,2
DA:29,2
DA:31,0
DA:35,1
DA:36,2
DA:37,2
DA:38,2
DA:40,0
DA:44,1
DA:45,7
DA:46,7
DA:47,7
DA:48,1
DA:52,6
DA:53,6
DA:56,5
DA:61,5
DA:62,1
DA:68,4
DA:74,4
DA:75,4
DA:76,4
DA:77,4
DA:79,4
DA:81,0
DA:85,1
LF:41
LH:38
BRDA:10,0,0,6
BRDA:11,1,0,0
BRDA:16,2,0,1
BRDA:16,2,1,3
BRDA:22,3,0,1
BRDA:22,3,1,2
BRDA:28,4,0,2
BRDA:28,4,1,0
BRDA:46,5,0,7
BRDA:46,5,1,0
BRDA:47,6,0,1
BRDA:47,6,1,6
BRDA:53,7,0,1
BRDA:53,7,1,5
BRDA:61,8,0,1
BRDA:61,8,1,4
BRDA:77,9,0,4
BRDA:77,9,1,0
BRF:18
BRH:14
end_of_record
TN:
SF:routes\tasks.js
FN:6,(anonymous_0)
FN:7,(anonymous_1)
FN:8,(anonymous_2)
FN:9,(anonymous_3)
FN:14,(anonymous_4)
FN:21,(anonymous_5)
FN:34,(anonymous_6)
FN:43,(anonymous_7)
FN:68,(anonymous_8)
FNF:9
FNH:9
FNDA:8,(anonymous_0)
FNDA:4,(anonymous_1)
FNDA:12,(anonymous_2)
FNDA:7,(anonymous_3)
FNDA:2,(anonymous_4)
FNDA:2,(anonymous_5)
FNDA:2,(anonymous_6)
FNDA:4,(anonymous_7)
FNDA:2,(anonymous_8)
DA:1,1
DA:2,1
DA:3,1
DA:4,1
DA:6,8
DA:7,4
DA:8,12
DA:9,1
DA:10,7
DA:11,7
DA:14,1
DA:15,2
DA:16,2
DA:17,2
DA:18,0
DA:21,1
DA:22,2
DA:23,2
DA:28,2
DA:29,1
DA:30,1
DA:31,1
DA:34,1
DA:35,2
DA:36,2
DA:37,2
DA:38,1
DA:39,1
DA:40,0
DA:43,1
DA:44,4
DA:45,4
DA:48,4
DA:51,3
DA:52,1
DA:57,1
DA:58,1
DA:59,1
DA:63,3
DA:64,3
DA:65,0
DA:68,1
DA:69,2
DA:70,2
DA:73,2
DA:74,1
DA:75,1
DA:76,0
DA:79,1
LF:49
LH:45
BRDA:6,0,0,7
BRDA:7,1,0,0
BRDA:11,2,0,7
BRDA:11,2,1,0
BRDA:26,3,0,2
BRDA:26,3,1,2
BRDA:37,4,0,1
BRDA:37,4,1,1
BRDA:48,5,0,1
BRDA:48,5,1,3
BRDA:51,6,0,1
BRDA:51,6,1,2
BRDA:57,7,0,1
BRDA:57,7,1,0
BRDA:73,8,0,1
BRDA:73,8,1,1
BRF:16
BRH:13
end_of_record
TN:
SF:services\AuthService.js
FN:5,(anonymous_0)
FN:26,(anonymous_1)
FN:27,(anonymous_2)
FN:28,(anonymous_3)
FNF:4
FNH:4
FNDA:2,(anonymous_0)
FNDA:3,(anonymous_1)
FNDA:3,(anonymous_2)
FNDA:3,(anonymous_3)
DA:1,1
DA:2,1
DA:6,2
DA:7,2
DA:8,2
DA:11,0
DA:12,0
DA:13,0
DA:17,0
DA:18,0
DA:20,0
DA:27,3
DA:28,3
DA:29,3
DA:30,1
DA:32,2
DA:39,1
LF:17
LH:11
BRDA:7,0,0,2
BRDA:7,0,1,0
BRDA:12,1,0,0
BRDA:12,1,1,0
BRDA:29,2,0,1
BRDA:29,2,1,2
BRF:6
BRH:3
end_of_record
TN:
SF:services\RoomObserver.js
FN:4,(anonymous_0)
FN:8,(anonymous_1)
FNF:2
FNH:2
FNDA:1,(anonymous_0)
FNDA:7,(anonymous_1)
DA:13,1
LF:1
LH:1
BRF:0
BRH:0
end_of_record
TN:
SF:services\RoomOperationsFacade.js
FN:5,(anonymous_0)
FN:10,(anonymous_1)
FNF:2
FNH:2
FNDA:1,(anonymous_0)
FNDA:2,(anonymous_1)
DA:1,1
DA:2,1
DA:7,1
DA:11,2
DA:12,2
DA:13,2
DA:17,1
LF:7
LH:7
BRF:0
BRH:0
end_of_record
TN:
SF:services\RoomService.js
FN:2,(anonymous_0)
FN:6,(anonymous_1)
FN:10,(anonymous_2)
FN:18,(anonymous_3)
FNF:4
FNH:4
FNDA:1,(anonymous_0)
FNDA:1,(anonymous_1)
FNDA:4,(anonymous_2)
FNDA:2,(anonymous_3)
DA:3,1
DA:7,1
DA:11,4
DA:12,4
DA:13,4
DA:19,2
DA:21,2
DA:22,2
DA:23,2
DA:26,2
DA:30,1
LF:11
LH:11
BRDA:12,0,0,4
BRDA:12,0,1,0
BRDA:22,1,0,2
BRDA:22,1,1,0
BRF:4
BRH:2
end_of_record
TN:
SF:services\TaskService.js
FN:5,(anonymous_0)
FNF:1
FNH:1
FNDA:2,(anonymous_0)
DA:1,1
DA:7,2
DA:8,1
DA:14,1
LF:4
LH:4
BRDA:7,0,0,1
BRDA:7,0,1,1
BRF:2
BRH:2
end_of_record
